<?xml version="1.0" encoding="UTF-8"?>
<testng-results skipped="0" failed="0" ignored="0" total="1" passed="1">
  <reporter-output>
  </reporter-output>
  <suite name="Default suite" duration-ms="49729" started-at="2018-06-09T06:56:01Z" finished-at="2018-06-09T06:56:50Z">
    <groups>
    </groups>
    <test name="Default test" duration-ms="49729" started-at="2018-06-09T06:56:01Z" finished-at="2018-06-09T06:56:50Z">
      <class name="testcases.TC005_MergeLead">
        <test-method status="PASS" signature="beforeSuite()[pri:0, instance:testcases.TC005_MergeLead@4abd3e]" name="beforeSuite" is-config="true" duration-ms="1774" started-at="2018-06-09T06:55:59Z" finished-at="2018-06-09T06:56:01Z">
          <reporter-output>
          </reporter-output>
        </test-method> <!-- beforeSuite -->
        <test-method status="PASS" signature="SetData()[pri:0, instance:testcases.TC005_MergeLead@4abd3e]" name="SetData" is-config="true" duration-ms="0" started-at="2018-06-09T06:56:01Z" finished-at="2018-06-09T06:56:01Z">
          <reporter-output>
          </reporter-output>
        </test-method> <!-- SetData -->
        <test-method status="PASS" signature="beforeClass()[pri:0, instance:testcases.TC005_MergeLead@4abd3e]" name="beforeClass" is-config="true" duration-ms="0" started-at="2018-06-09T06:56:01Z" finished-at="2018-06-09T06:56:01Z">
          <reporter-output>
          </reporter-output>
        </test-method> <!-- beforeClass -->
        <test-method status="PASS" signature="beforeMethod()[pri:0, instance:testcases.TC005_MergeLead@4abd3e]" name="beforeMethod" is-config="true" duration-ms="18709" started-at="2018-06-09T06:56:03Z" finished-at="2018-06-09T06:56:22Z">
          <reporter-output>
          </reporter-output>
        </test-method> <!-- beforeMethod -->
        <test-method status="PASS" signature="MergeLead(java.lang.String, java.lang.String, java.lang.String)[pri:0, instance:testcases.TC005_MergeLead@4abd3e]" name="MergeLead" duration-ms="27527" started-at="2018-06-09T06:56:22Z" data-provider="fetchData" finished-at="2018-06-09T06:56:50Z">
          <params>
            <param index="0">
              <value>
                <![CDATA[DemoSalesManager]]>
              </value>
            </param>
            <param index="1">
              <value>
                <![CDATA[crmsfa]]>
              </value>
            </param>
            <param index="2">
              <value>
                <![CDATA[Gopinath]]>
              </value>
            </param>
          </params>
          <reporter-output>
          </reporter-output>
        </test-method> <!-- MergeLead -->
        <test-method status="PASS" signature="afterMethod()[pri:0, instance:testcases.TC005_MergeLead@4abd3e]" name="afterMethod" is-config="true" duration-ms="809" started-at="2018-06-09T06:56:50Z" finished-at="2018-06-09T06:56:50Z">
          <reporter-output>
          </reporter-output>
        </test-method> <!-- afterMethod -->
        <test-method status="PASS" signature="afterTest()[pri:0, instance:testcases.TC005_MergeLead@4abd3e]" name="afterTest" is-config="true" duration-ms="0" started-at="2018-06-09T06:56:50Z" finished-at="2018-06-09T06:56:50Z">
          <reporter-output>
          </reporter-output>
        </test-method> <!-- afterTest -->
        <test-method status="PASS" signature="afterSuite()[pri:0, instance:testcases.TC005_MergeLead@4abd3e]" name="afterSuite" is-config="true" duration-ms="1630" started-at="2018-06-09T06:56:50Z" finished-at="2018-06-09T06:56:52Z">
          <reporter-output>
          </reporter-output>
        </test-method> <!-- afterSuite -->
      </class> <!-- testcases.TC005_MergeLead -->
    </test> <!-- Default test -->
  </suite> <!-- Default suite -->
</testng-results>
